Determining if the pthread_create exist failed with the following output:
Change Dir: /home/yt/ros_ws/catkin_build_ws/src/path_planning/path_planning/cmake-build-debug/CMakeFiles/CMakeTmp

Run Build Command:"/usr/bin/make" "cmTC_81490/fast"
/usr/bin/make -f CMakeFiles/cmTC_81490.dir/build.make CMakeFiles/cmTC_81490.dir/build
make[1]: Entering directory '/home/yt/ros_ws/catkin_build_ws/src/path_planning/path_planning/cmake-build-debug/CMakeFiles/CMakeTmp'
Building C object CMakeFiles/cmTC_81490.dir/CheckSymbolExists.c.o
/usr/bin/cc    -o CMakeFiles/cmTC_81490.dir/CheckSymbolExists.c.o   -c /home/yt/ros_ws/catkin_build_ws/src/path_planning/path_planning/cmake-build-debug/CMakeFiles/CMakeTmp/CheckSymbolExists.c
Linking C executable cmTC_81490
/usr/local/clion/bin/cmake/bin/cmake -E cmake_link_script CMakeFiles/cmTC_81490.dir/link.txt --verbose=1
/usr/bin/cc      -rdynamic CMakeFiles/cmTC_81490.dir/CheckSymbolExists.c.o  -o cmTC_81490 
CMakeFiles/cmTC_81490.dir/CheckSymbolExists.c.o: In function `main':
CheckSymbolExists.c:(.text+0x16): undefined reference to `pthread_create'
collect2: error: ld returned 1 exit status
CMakeFiles/cmTC_81490.dir/build.make:97: recipe for target 'cmTC_81490' failed
make[1]: *** [cmTC_81490] Error 1
make[1]: Leaving directory '/home/yt/ros_ws/catkin_build_ws/src/path_planning/path_planning/cmake-build-debug/CMakeFiles/CMakeTmp'
Makefile:126: recipe for target 'cmTC_81490/fast' failed
make: *** [cmTC_81490/fast] Error 2

File /home/yt/ros_ws/catkin_build_ws/src/path_planning/path_planning/cmake-build-debug/CMakeFiles/CMakeTmp/CheckSymbolExists.c:
/* */
#include <pthread.h>

int main(int argc, char** argv)
{
  (void)argv;
#ifndef pthread_create
  return ((int*)(&pthread_create))[argc];
#else
  (void)argc;
  return 0;
#endif
}

Determining if the function pthread_create exists in the pthreads failed with the following output:
Change Dir: /home/yt/ros_ws/catkin_build_ws/src/path_planning/path_planning/cmake-build-debug/CMakeFiles/CMakeTmp

Run Build Command:"/usr/bin/make" "cmTC_fadba/fast"
/usr/bin/make -f CMakeFiles/cmTC_fadba.dir/build.make CMakeFiles/cmTC_fadba.dir/build
make[1]: Entering directory '/home/yt/ros_ws/catkin_build_ws/src/path_planning/path_planning/cmake-build-debug/CMakeFiles/CMakeTmp'
Building C object CMakeFiles/cmTC_fadba.dir/CheckFunctionExists.c.o
/usr/bin/cc   -DCHECK_FUNCTION_EXISTS=pthread_create   -o CMakeFiles/cmTC_fadba.dir/CheckFunctionExists.c.o   -c /usr/local/clion/bin/cmake/share/cmake-3.8/Modules/CheckFunctionExists.c
Linking C executable cmTC_fadba
/usr/local/clion/bin/cmake/bin/cmake -E cmake_link_script CMakeFiles/cmTC_fadba.dir/link.txt --verbose=1
/usr/bin/cc  -DCHECK_FUNCTION_EXISTS=pthread_create    -rdynamic CMakeFiles/cmTC_fadba.dir/CheckFunctionExists.c.o  -o cmTC_fadba -lpthreads 
/usr/bin/ld: cannot find -lpthreads
collect2: error: ld returned 1 exit status
CMakeFiles/cmTC_fadba.dir/build.make:97: recipe for target 'cmTC_fadba' failed
make[1]: *** [cmTC_fadba] Error 1
make[1]: Leaving directory '/home/yt/ros_ws/catkin_build_ws/src/path_planning/path_planning/cmake-build-debug/CMakeFiles/CMakeTmp'
Makefile:126: recipe for target 'cmTC_fadba/fast' failed
make: *** [cmTC_fadba/fast] Error 2


